Using pre-set license
Built from '2020.3/staging' branch; Version is '2020.3.10f1 (297d780c91bc) revision 2719096'; Using compiler version '192528614'; Build Type 'Release'
OS: 'Windows 10 Pro; OS build 19043.1586; Version 2009; 64bit' Language: 'en' Physical Memory: 7891 MB
BatchMode: 1, IsHumanControllingUs: 0, StartBugReporterOnCrash: 0, Is64bit: 1, IsPro: 0

 COMMAND LINE ARGUMENTS:
C:\Program Files\Unity\Hub\Editor\2020.3.10f1\Editor\Unity.exe
-adb2
-batchMode
-noUpm
-name
AssetImportWorker1
-projectPath
C:/Users/GutoPolonio/Documents/UnityProjects/Football Project
-logFile
Logs/AssetImportWorker1.log
-srvPort
50160
Successfully changed project path to: C:/Users/GutoPolonio/Documents/UnityProjects/Football Project
C:/Users/GutoPolonio/Documents/UnityProjects/Football Project
Using Asset Import Pipeline V2.
Refreshing native plugins compatible for Editor in 97.93 ms, found 2 plugins.
Preloading 0 native plugins for Editor in 0.00 ms.
Initialize engine version: 2020.3.10f1 (297d780c91bc)
[Subsystems] Discovering subsystems at path C:/Program Files/Unity/Hub/Editor/2020.3.10f1/Editor/Data/Resources/UnitySubsystems
[Subsystems] Discovering subsystems at path C:/Users/GutoPolonio/Documents/UnityProjects/Football Project/Assets
GfxDevice: creating device client; threaded=0
Direct3D:
    Version:  Direct3D 11.0 [level 11.0]
    Renderer: NVIDIA GeForce 930M (ID=0x1346)
    Vendor:   
    VRAM:     4055 MB
    Driver:   27.21.14.6647
Initialize mono
Mono path[0] = 'C:/Program Files/Unity/Hub/Editor/2020.3.10f1/Editor/Data/Managed'
Mono path[1] = 'C:/Program Files/Unity/Hub/Editor/2020.3.10f1/Editor/Data/MonoBleedingEdge/lib/mono/unityjit'
Mono config path = 'C:/Program Files/Unity/Hub/Editor/2020.3.10f1/Editor/Data/MonoBleedingEdge/etc'
Using monoOptions --debugger-agent=transport=dt_socket,embedding=1,server=y,suspend=n,address=127.0.0.1:56328
Begin MonoManager ReloadAssembly
Registering precompiled unity dll's ...
Register platform support module: C:/Program Files/Unity/Hub/Editor/2020.3.10f1/Editor/Data/PlaybackEngines/WebGLSupport/UnityEditor.WebGL.Extensions.dll
Register platform support module: C:/Program Files/Unity/Hub/Editor/2020.3.10f1/Editor/Data/PlaybackEngines/WindowsStandaloneSupport/UnityEditor.WindowsStandalone.Extensions.dll
Registered in 0.002968 seconds.
Native extension for WindowsStandalone target not found
Native extension for WebGL target not found
Refreshing native plugins compatible for Editor in 71.78 ms, found 2 plugins.
Preloading 0 native plugins for Editor in 0.00 ms.
Mono: successfully reloaded assembly
- Completed reload, in  3.205 seconds
Platform modules already initialized, skipping
Registering precompiled user dll's ...
Registered in 0.006425 seconds.
Begin MonoManager ReloadAssembly
Native extension for WindowsStandalone target not found
Native extension for WebGL target not found
Refreshing native plugins compatible for Editor in 73.55 ms, found 2 plugins.
Preloading 0 native plugins for Editor in 0.00 ms.
Mono: successfully reloaded assembly
- Completed reload, in  2.098 seconds
Platform modules already initialized, skipping
========================================================================
Worker process is ready to serve import requests
Shader 'Universal Render Pipeline/Particles/Lit': fallback shader 'Universal Render Pipeline/Particles/SimpleLit' not found
Shader 'Universal Render Pipeline/Particles/Lit': fallback shader 'Universal Render Pipeline/Particles/SimpleLit' not found
Launched and connected shader compiler UnityShaderCompiler.exe after 0.14 seconds
Refreshing native plugins compatible for Editor in 1.69 ms, found 2 plugins.
Preloading 0 native plugins for Editor in 0.00 ms.
Unloading 3204 Unused Serialized files (Serialized files now loaded: 0)
System memory in use before: 144.2 MB.
System memory in use after: 141.5 MB.

Unloading 54 unused Assets to reduce memory usage. Loaded Objects now: 3606.
Total: 8.127600 ms (FindLiveObjects: 0.474800 ms CreateObjectMapping: 0.295700 ms MarkObjects: 4.889000 ms  DeleteObjects: 2.466300 ms)

========================================================================
Received Import Request.
  path: Assets/Textures/Area-HalfCircle.png
  artifactKey: Guid(9c98cd0dd58a32d4eb6c8ff1df005bb8) Importer(815301076,1909f56bfc062723c751e8b465ee728b)
Start importing Assets/Textures/Area-HalfCircle.png using Guid(9c98cd0dd58a32d4eb6c8ff1df005bb8) Importer(815301076,1909f56bfc062723c751e8b465ee728b)  -> (artifact id: '1f51eeeac2c83356f44f534354a22552') in 0.232579 seconds
  Import took 0.243829 seconds .

========================================================================
Received Import Request.
  Time since last request: 40.348788 seconds.
  path: Assets/Textures/Area-HalfCircle.png
  artifactKey: Guid(9c98cd0dd58a32d4eb6c8ff1df005bb8) Importer(815301076,1909f56bfc062723c751e8b465ee728b)
Start importing Assets/Textures/Area-HalfCircle.png using Guid(9c98cd0dd58a32d4eb6c8ff1df005bb8) Importer(815301076,1909f56bfc062723c751e8b465ee728b)  -> (artifact id: '12c6beece2217e2c8928a0bd82762651') in 0.010828 seconds
  Import took 0.022153 seconds .

========================================================================
Received Import Request.
  Time since last request: 598.635963 seconds.
  path: Assets/Textures/Area-HalfCircle.png
  artifactKey: Guid(9c98cd0dd58a32d4eb6c8ff1df005bb8) Importer(815301076,1909f56bfc062723c751e8b465ee728b)
Start importing Assets/Textures/Area-HalfCircle.png using Guid(9c98cd0dd58a32d4eb6c8ff1df005bb8) Importer(815301076,1909f56bfc062723c751e8b465ee728b)  -> (artifact id: '05e13eb723286c8ccec630c9f7e542d7') in 0.019498 seconds
  Import took 0.034777 seconds .

========================================================================
Received Import Request.
  Time since last request: 0.001579 seconds.
  path: Assets/Textures/Circle-ball-position.png
  artifactKey: Guid(4ef916bdd126d7848925cb84023d6dc5) Importer(815301076,1909f56bfc062723c751e8b465ee728b)
Start importing Assets/Textures/Circle-ball-position.png using Guid(4ef916bdd126d7848925cb84023d6dc5) Importer(815301076,1909f56bfc062723c751e8b465ee728b)  -> (artifact id: 'a8eaf8b75b3efb1d5d26b04b277ef8ab') in 0.031781 seconds
  Import took 0.043686 seconds .

========================================================================
Received Import Request.
  Time since last request: 152.909389 seconds.
  path: Assets/Textures/Circle-ball-position.png
  artifactKey: Guid(4ef916bdd126d7848925cb84023d6dc5) Importer(815301076,1909f56bfc062723c751e8b465ee728b)
Start importing Assets/Textures/Circle-ball-position.png using Guid(4ef916bdd126d7848925cb84023d6dc5) Importer(815301076,1909f56bfc062723c751e8b465ee728b)  -> (artifact id: 'e3e37170b7d4e410b75922dd923b4756') in 0.012574 seconds
  Import took 0.023613 seconds .

========================================================================
Received Prepare
Registering precompiled user dll's ...
Registered in 0.005786 seconds.
Begin MonoManager ReloadAssembly
Native extension for WindowsStandalone target not found
Native extension for WebGL target not found
Refreshing native plugins compatible for Editor in 1.18 ms, found 2 plugins.
Preloading 0 native plugins for Editor in 0.00 ms.
Mono: successfully reloaded assembly
- Completed reload, in  1.861 seconds
Platform modules already initialized, skipping
Shader 'Universal Render Pipeline/Particles/Lit': fallback shader 'Universal Render Pipeline/Particles/SimpleLit' not found
Shader 'Universal Render Pipeline/Particles/Lit': fallback shader 'Universal Render Pipeline/Particles/SimpleLit' not found
Refreshing native plugins compatible for Editor in 0.95 ms, found 2 plugins.
Preloading 0 native plugins for Editor in 0.00 ms.
Unloading 3103 Unused Serialized files (Serialized files now loaded: 0)
System memory in use before: 138.2 MB.
System memory in use after: 135.4 MB.

Unloading 49 unused Assets to reduce memory usage. Loaded Objects now: 3612.
Total: 4.937700 ms (FindLiveObjects: 0.399800 ms CreateObjectMapping: 0.213100 ms MarkObjects: 2.532600 ms  DeleteObjects: 1.791000 ms)

