Using pre-set license
Built from '2020.3/staging' branch; Version is '2020.3.10f1 (297d780c91bc) revision 2719096'; Using compiler version '192528614'; Build Type 'Release'
OS: 'Windows 10 Pro; OS build 19043.1526; Version 2009; 64bit' Language: 'en' Physical Memory: 7891 MB
BatchMode: 1, IsHumanControllingUs: 0, StartBugReporterOnCrash: 0, Is64bit: 1, IsPro: 0

 COMMAND LINE ARGUMENTS:
C:\Program Files\Unity\Hub\Editor\2020.3.10f1\Editor\Unity.exe
-adb2
-batchMode
-noUpm
-name
AssetImportWorker0
-projectPath
C:/Users/GutoPolonio/Documents/UnityProjects/Football Project
-logFile
Logs/AssetImportWorker0.log
-srvPort
62108
Successfully changed project path to: C:/Users/GutoPolonio/Documents/UnityProjects/Football Project
C:/Users/GutoPolonio/Documents/UnityProjects/Football Project
Using Asset Import Pipeline V2.
Refreshing native plugins compatible for Editor in 92.40 ms, found 2 plugins.
Preloading 0 native plugins for Editor in 0.00 ms.
Initialize engine version: 2020.3.10f1 (297d780c91bc)
[Subsystems] Discovering subsystems at path C:/Program Files/Unity/Hub/Editor/2020.3.10f1/Editor/Data/Resources/UnitySubsystems
[Subsystems] Discovering subsystems at path C:/Users/GutoPolonio/Documents/UnityProjects/Football Project/Assets
GfxDevice: creating device client; threaded=0
Direct3D:
    Version:  Direct3D 11.0 [level 11.0]
    Renderer: NVIDIA GeForce 930M (ID=0x1346)
    Vendor:   
    VRAM:     4055 MB
    Driver:   27.21.14.6647
Initialize mono
Mono path[0] = 'C:/Program Files/Unity/Hub/Editor/2020.3.10f1/Editor/Data/Managed'
Mono path[1] = 'C:/Program Files/Unity/Hub/Editor/2020.3.10f1/Editor/Data/MonoBleedingEdge/lib/mono/unityjit'
Mono config path = 'C:/Program Files/Unity/Hub/Editor/2020.3.10f1/Editor/Data/MonoBleedingEdge/etc'
Using monoOptions --debugger-agent=transport=dt_socket,embedding=1,server=y,suspend=n,address=127.0.0.1:56728
Begin MonoManager ReloadAssembly
Registering precompiled unity dll's ...
Register platform support module: C:/Program Files/Unity/Hub/Editor/2020.3.10f1/Editor/Data/PlaybackEngines/WebGLSupport/UnityEditor.WebGL.Extensions.dll
Register platform support module: C:/Program Files/Unity/Hub/Editor/2020.3.10f1/Editor/Data/PlaybackEngines/WindowsStandaloneSupport/UnityEditor.WindowsStandalone.Extensions.dll
Registered in 0.010602 seconds.
Native extension for WindowsStandalone target not found
Native extension for WebGL target not found
Refreshing native plugins compatible for Editor in 135.64 ms, found 2 plugins.
Preloading 0 native plugins for Editor in 0.00 ms.
Mono: successfully reloaded assembly
- Completed reload, in 10.702 seconds
Platform modules already initialized, skipping
Registering precompiled user dll's ...
Registered in 0.035596 seconds.
Begin MonoManager ReloadAssembly
Native extension for WindowsStandalone target not found
Native extension for WebGL target not found
Refreshing native plugins compatible for Editor in 122.73 ms, found 2 plugins.
Preloading 0 native plugins for Editor in 0.00 ms.
Mono: successfully reloaded assembly
- Completed reload, in  2.446 seconds
Platform modules already initialized, skipping
========================================================================
Worker process is ready to serve import requests
Shader 'Universal Render Pipeline/Particles/Lit': fallback shader 'Universal Render Pipeline/Particles/SimpleLit' not found
Shader 'Universal Render Pipeline/Particles/Lit': fallback shader 'Universal Render Pipeline/Particles/SimpleLit' not found
Launched and connected shader compiler UnityShaderCompiler.exe after 0.09 seconds
Refreshing native plugins compatible for Editor in 0.90 ms, found 2 plugins.
Preloading 0 native plugins for Editor in 0.00 ms.
Unloading 3202 Unused Serialized files (Serialized files now loaded: 0)
System memory in use before: 143.7 MB.
System memory in use after: 141.0 MB.

Unloading 54 unused Assets to reduce memory usage. Loaded Objects now: 3604.
Total: 10.270900 ms (FindLiveObjects: 0.831800 ms CreateObjectMapping: 0.377000 ms MarkObjects: 5.347700 ms  DeleteObjects: 3.707400 ms)

========================================================================
Received Import Request.
  path: Assets/Textures/ball.png
  artifactKey: Guid(fdcd03e49c7fa69419366f593b706353) Importer(815301076,1909f56bfc062723c751e8b465ee728b)
Start importing Assets/Textures/ball.png using Guid(fdcd03e49c7fa69419366f593b706353) Importer(815301076,1909f56bfc062723c751e8b465ee728b)  -> (artifact id: 'bccce289c19775a0bdabd52fbf730ad2') in 0.222746 seconds
  Import took 0.234672 seconds .

========================================================================
Received Import Request.
  Time since last request: 0.000313 seconds.
  path: Assets/Models/EuroArena/Textures/Turkey.png
  artifactKey: Guid(ea64581b1be6c94488b9dd557be2f35e) Importer(815301076,1909f56bfc062723c751e8b465ee728b)
Start importing Assets/Models/EuroArena/Textures/Turkey.png using Guid(ea64581b1be6c94488b9dd557be2f35e) Importer(815301076,1909f56bfc062723c751e8b465ee728b)  -> (artifact id: '24ffa36c5a5bfe2080daf63bb53d1de6') in 0.031731 seconds
  Import took 0.041861 seconds .

========================================================================
Received Import Request.
  Time since last request: 0.000351 seconds.
  path: Assets/Models/EuroArena/Textures/Saha0 Normal.png
  artifactKey: Guid(1b338045a6d69b3429f5ba2920d081e6) Importer(815301076,1909f56bfc062723c751e8b465ee728b)
Start importing Assets/Models/EuroArena/Textures/Saha0 Normal.png using Guid(1b338045a6d69b3429f5ba2920d081e6) Importer(815301076,1909f56bfc062723c751e8b465ee728b)  -> (artifact id: '79c74148ca294e55413d7ec0d4da2802') in 0.096134 seconds
  Import took 0.108974 seconds .

========================================================================
Received Import Request.
  Time since last request: 73.694512 seconds.
  path: Assets/Models/EuroArena/Textures/1.png
  artifactKey: Guid(c28babe5597b75749b6ac6e4971115b5) Importer(815301076,1909f56bfc062723c751e8b465ee728b)
Start importing Assets/Models/EuroArena/Textures/1.png using Guid(c28babe5597b75749b6ac6e4971115b5) Importer(815301076,1909f56bfc062723c751e8b465ee728b)  -> (artifact id: '2257b328e7c510b22523e4933148344d') in 0.041656 seconds
  Import took 0.055165 seconds .

========================================================================
Received Import Request.
  Time since last request: 0.000331 seconds.
  path: Assets/Models/EuroArena/Textures/Concrete_Wall_006_Normal.jpg
  artifactKey: Guid(61d733caa816ec145817176afce2516f) Importer(815301076,1909f56bfc062723c751e8b465ee728b)
Start importing Assets/Models/EuroArena/Textures/Concrete_Wall_006_Normal.jpg using Guid(61d733caa816ec145817176afce2516f) Importer(815301076,1909f56bfc062723c751e8b465ee728b)  -> (artifact id: '10182fba25c27bddc2a8a254039c85bb') in 0.038685 seconds
  Import took 0.054908 seconds .

========================================================================
Received Prepare
Registering precompiled user dll's ...
Registered in 0.012427 seconds.
Begin MonoManager ReloadAssembly
Native extension for WindowsStandalone target not found
Native extension for WebGL target not found
Refreshing native plugins compatible for Editor in 0.72 ms, found 2 plugins.
Preloading 0 native plugins for Editor in 0.00 ms.
Mono: successfully reloaded assembly
- Completed reload, in  1.674 seconds
Platform modules already initialized, skipping
Shader 'Universal Render Pipeline/Particles/Lit': fallback shader 'Universal Render Pipeline/Particles/SimpleLit' not found
Shader 'Universal Render Pipeline/Particles/Lit': fallback shader 'Universal Render Pipeline/Particles/SimpleLit' not found
Refreshing native plugins compatible for Editor in 0.88 ms, found 2 plugins.
Preloading 0 native plugins for Editor in 0.00 ms.
Unloading 3101 Unused Serialized files (Serialized files now loaded: 0)
System memory in use before: 140.5 MB.
System memory in use after: 137.8 MB.

Unloading 49 unused Assets to reduce memory usage. Loaded Objects now: 3613.
Total: 5.765200 ms (FindLiveObjects: 0.524900 ms CreateObjectMapping: 0.312300 ms MarkObjects: 2.902400 ms  DeleteObjects: 2.023400 ms)

========================================================================
Received Import Request.
  Time since last request: 459.434245 seconds.
  path: Assets/Textures/BasketballColor.jpg
  artifactKey: Guid(0f9319c66394c7648bfd160b04214416) Importer(815301076,1909f56bfc062723c751e8b465ee728b)
Start importing Assets/Textures/BasketballColor.jpg using Guid(0f9319c66394c7648bfd160b04214416) Importer(815301076,1909f56bfc062723c751e8b465ee728b)  -> (artifact id: '472c1289d6a6671f28b637a39588e8a6') in 0.106791 seconds
  Import took 0.119620 seconds .

========================================================================
Received Import Request.
  Time since last request: 0.012617 seconds.
  path: Assets/Textures/BasketballColor.jpg
  artifactKey: Guid(0f9319c66394c7648bfd160b04214416) Importer(815301076,1909f56bfc062723c751e8b465ee728b)
Start importing Assets/Textures/BasketballColor.jpg using Guid(0f9319c66394c7648bfd160b04214416) Importer(815301076,1909f56bfc062723c751e8b465ee728b)  -> (artifact id: '472c1289d6a6671f28b637a39588e8a6') in 0.015470 seconds
  Import took 0.023626 seconds .

========================================================================
Received Prepare
Registering precompiled user dll's ...
Registered in 0.014676 seconds.
Begin MonoManager ReloadAssembly
Native extension for WindowsStandalone target not found
Native extension for WebGL target not found
Refreshing native plugins compatible for Editor in 2.31 ms, found 2 plugins.
Preloading 0 native plugins for Editor in 0.00 ms.
Mono: successfully reloaded assembly
- Completed reload, in  2.828 seconds
Platform modules already initialized, skipping
Shader 'Universal Render Pipeline/Particles/Lit': fallback shader 'Universal Render Pipeline/Particles/SimpleLit' not found
Shader 'Universal Render Pipeline/Particles/Lit': fallback shader 'Universal Render Pipeline/Particles/SimpleLit' not found
Refreshing native plugins compatible for Editor in 0.92 ms, found 2 plugins.
Preloading 0 native plugins for Editor in 0.00 ms.
Unloading 3101 Unused Serialized files (Serialized files now loaded: 0)
System memory in use before: 140.6 MB.
System memory in use after: 137.9 MB.

Unloading 49 unused Assets to reduce memory usage. Loaded Objects now: 3616.
Total: 9.780800 ms (FindLiveObjects: 0.443200 ms CreateObjectMapping: 0.255400 ms MarkObjects: 5.467000 ms  DeleteObjects: 3.613100 ms)

========================================================================
Received Import Request.
  Time since last request: 383.632806 seconds.
  path: Assets/Scripts/BallController.cs
  artifactKey: Guid(dc77220569f8cbb4d983c8d7ab041819) Importer(815301076,1909f56bfc062723c751e8b465ee728b)
Start importing Assets/Scripts/BallController.cs using Guid(dc77220569f8cbb4d983c8d7ab041819) Importer(815301076,1909f56bfc062723c751e8b465ee728b)  -> (artifact id: 'f63cea30970e2c7b68326e6edb91b756') in 0.049273 seconds
  Import took 0.066320 seconds .

========================================================================
Received Import Request.
  Time since last request: 0.003914 seconds.
  path: Assets/Scripts/BallController.cs
  artifactKey: Guid(dc77220569f8cbb4d983c8d7ab041819) Importer(815301076,1909f56bfc062723c751e8b465ee728b)
Start importing Assets/Scripts/BallController.cs using Guid(dc77220569f8cbb4d983c8d7ab041819) Importer(815301076,1909f56bfc062723c751e8b465ee728b)  -> (artifact id: 'f63cea30970e2c7b68326e6edb91b756') in 0.007019 seconds
  Import took 0.022755 seconds .

========================================================================
Received Prepare
Registering precompiled user dll's ...
Registered in 0.005635 seconds.
Begin MonoManager ReloadAssembly
Native extension for WindowsStandalone target not found
Native extension for WebGL target not found
Refreshing native plugins compatible for Editor in 1.19 ms, found 2 plugins.
Preloading 0 native plugins for Editor in 0.00 ms.
Mono: successfully reloaded assembly
- Completed reload, in  1.969 seconds
Platform modules already initialized, skipping
Shader 'Universal Render Pipeline/Particles/Lit': fallback shader 'Universal Render Pipeline/Particles/SimpleLit' not found
Shader 'Universal Render Pipeline/Particles/Lit': fallback shader 'Universal Render Pipeline/Particles/SimpleLit' not found
Refreshing native plugins compatible for Editor in 0.73 ms, found 2 plugins.
Preloading 0 native plugins for Editor in 0.00 ms.
Unloading 3102 Unused Serialized files (Serialized files now loaded: 0)
System memory in use before: 140.6 MB.
System memory in use after: 138.0 MB.

Unloading 49 unused Assets to reduce memory usage. Loaded Objects now: 3620.
Total: 6.658300 ms (FindLiveObjects: 0.760000 ms CreateObjectMapping: 0.309600 ms MarkObjects: 2.906700 ms  DeleteObjects: 2.679700 ms)

========================================================================
Received Prepare
Registering precompiled user dll's ...
Registered in 0.009427 seconds.
Begin MonoManager ReloadAssembly
Native extension for WindowsStandalone target not found
Native extension for WebGL target not found
Refreshing native plugins compatible for Editor in 1.43 ms, found 2 plugins.
Preloading 0 native plugins for Editor in 0.00 ms.
Mono: successfully reloaded assembly
- Completed reload, in  2.053 seconds
Platform modules already initialized, skipping
Shader 'Universal Render Pipeline/Particles/Lit': fallback shader 'Universal Render Pipeline/Particles/SimpleLit' not found
Shader 'Universal Render Pipeline/Particles/Lit': fallback shader 'Universal Render Pipeline/Particles/SimpleLit' not found
Refreshing native plugins compatible for Editor in 0.85 ms, found 2 plugins.
Preloading 0 native plugins for Editor in 0.00 ms.
Unloading 3102 Unused Serialized files (Serialized files now loaded: 0)
System memory in use before: 140.6 MB.
System memory in use after: 137.9 MB.

Unloading 49 unused Assets to reduce memory usage. Loaded Objects now: 3623.
Total: 5.761600 ms (FindLiveObjects: 0.574200 ms CreateObjectMapping: 0.249000 ms MarkObjects: 3.014300 ms  DeleteObjects: 1.921900 ms)

========================================================================
Received Prepare
Registering precompiled user dll's ...
Registered in 0.007116 seconds.
Begin MonoManager ReloadAssembly
Native extension for WindowsStandalone target not found
Native extension for WebGL target not found
Refreshing native plugins compatible for Editor in 0.82 ms, found 2 plugins.
Preloading 0 native plugins for Editor in 0.00 ms.
Mono: successfully reloaded assembly
- Completed reload, in  1.592 seconds
Platform modules already initialized, skipping
Shader 'Universal Render Pipeline/Particles/Lit': fallback shader 'Universal Render Pipeline/Particles/SimpleLit' not found
Shader 'Universal Render Pipeline/Particles/Lit': fallback shader 'Universal Render Pipeline/Particles/SimpleLit' not found
Refreshing native plugins compatible for Editor in 1.00 ms, found 2 plugins.
Preloading 0 native plugins for Editor in 0.00 ms.
Unloading 3102 Unused Serialized files (Serialized files now loaded: 0)
System memory in use before: 140.7 MB.
System memory in use after: 138.0 MB.

Unloading 49 unused Assets to reduce memory usage. Loaded Objects now: 3626.
Total: 6.308400 ms (FindLiveObjects: 0.696500 ms CreateObjectMapping: 0.289700 ms MarkObjects: 3.237900 ms  DeleteObjects: 2.082900 ms)

========================================================================
Received Prepare
Registering precompiled user dll's ...
Registered in 0.007681 seconds.
Begin MonoManager ReloadAssembly
Native extension for WindowsStandalone target not found
Native extension for WebGL target not found
Refreshing native plugins compatible for Editor in 1.21 ms, found 2 plugins.
Preloading 0 native plugins for Editor in 0.00 ms.
Mono: successfully reloaded assembly
- Completed reload, in  2.004 seconds
Platform modules already initialized, skipping
Shader 'Universal Render Pipeline/Particles/Lit': fallback shader 'Universal Render Pipeline/Particles/SimpleLit' not found
Shader 'Universal Render Pipeline/Particles/Lit': fallback shader 'Universal Render Pipeline/Particles/SimpleLit' not found
Refreshing native plugins compatible for Editor in 1.17 ms, found 2 plugins.
Preloading 0 native plugins for Editor in 0.00 ms.
Unloading 3102 Unused Serialized files (Serialized files now loaded: 0)
System memory in use before: 140.7 MB.
System memory in use after: 138.0 MB.

Unloading 49 unused Assets to reduce memory usage. Loaded Objects now: 3629.
Total: 5.523000 ms (FindLiveObjects: 0.400400 ms CreateObjectMapping: 0.237600 ms MarkObjects: 2.832300 ms  DeleteObjects: 2.050400 ms)

========================================================================
Received Prepare
Registering precompiled user dll's ...
Registered in 0.006698 seconds.
Begin MonoManager ReloadAssembly
Native extension for WindowsStandalone target not found
Native extension for WebGL target not found
Refreshing native plugins compatible for Editor in 0.80 ms, found 2 plugins.
Preloading 0 native plugins for Editor in 0.00 ms.
Mono: successfully reloaded assembly
- Completed reload, in  1.711 seconds
Platform modules already initialized, skipping
Shader 'Universal Render Pipeline/Particles/Lit': fallback shader 'Universal Render Pipeline/Particles/SimpleLit' not found
Shader 'Universal Render Pipeline/Particles/Lit': fallback shader 'Universal Render Pipeline/Particles/SimpleLit' not found
Refreshing native plugins compatible for Editor in 0.83 ms, found 2 plugins.
Preloading 0 native plugins for Editor in 0.00 ms.
Unloading 3102 Unused Serialized files (Serialized files now loaded: 0)
System memory in use before: 140.7 MB.
System memory in use after: 138.0 MB.

Unloading 49 unused Assets to reduce memory usage. Loaded Objects now: 3632.
Total: 5.312000 ms (FindLiveObjects: 0.405700 ms CreateObjectMapping: 0.238600 ms MarkObjects: 2.624900 ms  DeleteObjects: 2.041300 ms)

========================================================================
Received Prepare
Registering precompiled user dll's ...
Registered in 0.005737 seconds.
Begin MonoManager ReloadAssembly
Native extension for WindowsStandalone target not found
Native extension for WebGL target not found
Refreshing native plugins compatible for Editor in 0.77 ms, found 2 plugins.
Preloading 0 native plugins for Editor in 0.00 ms.
Mono: successfully reloaded assembly
- Completed reload, in  2.213 seconds
Platform modules already initialized, skipping
Shader 'Universal Render Pipeline/Particles/Lit': fallback shader 'Universal Render Pipeline/Particles/SimpleLit' not found
Shader 'Universal Render Pipeline/Particles/Lit': fallback shader 'Universal Render Pipeline/Particles/SimpleLit' not found
Refreshing native plugins compatible for Editor in 0.84 ms, found 2 plugins.
Preloading 0 native plugins for Editor in 0.00 ms.
Unloading 3102 Unused Serialized files (Serialized files now loaded: 0)
System memory in use before: 140.7 MB.
System memory in use after: 138.0 MB.

Unloading 49 unused Assets to reduce memory usage. Loaded Objects now: 3635.
Total: 7.858800 ms (FindLiveObjects: 0.554100 ms CreateObjectMapping: 0.296400 ms MarkObjects: 4.123800 ms  DeleteObjects: 2.882900 ms)

========================================================================
Received Prepare
Registering precompiled user dll's ...
Registered in 0.008992 seconds.
Begin MonoManager ReloadAssembly
Native extension for WindowsStandalone target not found
Native extension for WebGL target not found
Refreshing native plugins compatible for Editor in 0.86 ms, found 2 plugins.
Preloading 0 native plugins for Editor in 0.00 ms.
Mono: successfully reloaded assembly
- Completed reload, in  1.885 seconds
Platform modules already initialized, skipping
Shader 'Universal Render Pipeline/Particles/Lit': fallback shader 'Universal Render Pipeline/Particles/SimpleLit' not found
Shader 'Universal Render Pipeline/Particles/Lit': fallback shader 'Universal Render Pipeline/Particles/SimpleLit' not found
Refreshing native plugins compatible for Editor in 1.63 ms, found 2 plugins.
Preloading 0 native plugins for Editor in 0.00 ms.
Unloading 3102 Unused Serialized files (Serialized files now loaded: 0)
System memory in use before: 140.7 MB.
System memory in use after: 138.0 MB.

Unloading 49 unused Assets to reduce memory usage. Loaded Objects now: 3638.
Total: 5.809000 ms (FindLiveObjects: 0.415700 ms CreateObjectMapping: 0.192800 ms MarkObjects: 3.223800 ms  DeleteObjects: 1.975400 ms)

========================================================================
Received Prepare
Registering precompiled user dll's ...
Registered in 0.008522 seconds.
Begin MonoManager ReloadAssembly
Native extension for WindowsStandalone target not found
Native extension for WebGL target not found
Refreshing native plugins compatible for Editor in 1.21 ms, found 2 plugins.
Preloading 0 native plugins for Editor in 0.00 ms.
Mono: successfully reloaded assembly
- Completed reload, in  1.977 seconds
Platform modules already initialized, skipping
Shader 'Universal Render Pipeline/Particles/Lit': fallback shader 'Universal Render Pipeline/Particles/SimpleLit' not found
Shader 'Universal Render Pipeline/Particles/Lit': fallback shader 'Universal Render Pipeline/Particles/SimpleLit' not found
Refreshing native plugins compatible for Editor in 1.19 ms, found 2 plugins.
Preloading 0 native plugins for Editor in 0.00 ms.
Unloading 3102 Unused Serialized files (Serialized files now loaded: 0)
System memory in use before: 140.7 MB.
System memory in use after: 138.0 MB.

Unloading 49 unused Assets to reduce memory usage. Loaded Objects now: 3641.
Total: 6.239800 ms (FindLiveObjects: 0.470200 ms CreateObjectMapping: 0.291300 ms MarkObjects: 3.345900 ms  DeleteObjects: 2.129800 ms)

========================================================================
Received Prepare
Registering precompiled user dll's ...
Registered in 0.006553 seconds.
Begin MonoManager ReloadAssembly
Native extension for WindowsStandalone target not found
Native extension for WebGL target not found
Refreshing native plugins compatible for Editor in 0.87 ms, found 2 plugins.
Preloading 0 native plugins for Editor in 0.00 ms.
Mono: successfully reloaded assembly
- Completed reload, in  1.861 seconds
Platform modules already initialized, skipping
Shader 'Universal Render Pipeline/Particles/Lit': fallback shader 'Universal Render Pipeline/Particles/SimpleLit' not found
Shader 'Universal Render Pipeline/Particles/Lit': fallback shader 'Universal Render Pipeline/Particles/SimpleLit' not found
Refreshing native plugins compatible for Editor in 0.90 ms, found 2 plugins.
Preloading 0 native plugins for Editor in 0.00 ms.
Unloading 3102 Unused Serialized files (Serialized files now loaded: 0)
System memory in use before: 140.8 MB.
System memory in use after: 138.0 MB.

Unloading 49 unused Assets to reduce memory usage. Loaded Objects now: 3644.
Total: 7.266400 ms (FindLiveObjects: 0.544000 ms CreateObjectMapping: 0.293200 ms MarkObjects: 3.797000 ms  DeleteObjects: 2.631000 ms)

========================================================================
Received Prepare
Registering precompiled user dll's ...
Registered in 0.006977 seconds.
Begin MonoManager ReloadAssembly
Native extension for WindowsStandalone target not found
Native extension for WebGL target not found
Refreshing native plugins compatible for Editor in 0.73 ms, found 2 plugins.
Preloading 0 native plugins for Editor in 0.00 ms.
Mono: successfully reloaded assembly
- Completed reload, in  2.221 seconds
Platform modules already initialized, skipping
Shader 'Universal Render Pipeline/Particles/Lit': fallback shader 'Universal Render Pipeline/Particles/SimpleLit' not found
Shader 'Universal Render Pipeline/Particles/Lit': fallback shader 'Universal Render Pipeline/Particles/SimpleLit' not found
Refreshing native plugins compatible for Editor in 0.73 ms, found 2 plugins.
Preloading 0 native plugins for Editor in 0.00 ms.
Unloading 3102 Unused Serialized files (Serialized files now loaded: 0)
System memory in use before: 140.7 MB.
System memory in use after: 138.0 MB.

Unloading 49 unused Assets to reduce memory usage. Loaded Objects now: 3647.
Total: 5.808300 ms (FindLiveObjects: 0.427800 ms CreateObjectMapping: 0.255500 ms MarkObjects: 3.071800 ms  DeleteObjects: 2.051700 ms)

========================================================================
Received Prepare
Registering precompiled user dll's ...
Registered in 0.040934 seconds.
Begin MonoManager ReloadAssembly
Native extension for WindowsStandalone target not found
Native extension for WebGL target not found
Refreshing native plugins compatible for Editor in 0.68 ms, found 2 plugins.
Preloading 0 native plugins for Editor in 0.00 ms.
Mono: successfully reloaded assembly
- Completed reload, in  1.707 seconds
Platform modules already initialized, skipping
Shader 'Universal Render Pipeline/Particles/Lit': fallback shader 'Universal Render Pipeline/Particles/SimpleLit' not found
Shader 'Universal Render Pipeline/Particles/Lit': fallback shader 'Universal Render Pipeline/Particles/SimpleLit' not found
Refreshing native plugins compatible for Editor in 0.92 ms, found 2 plugins.
Preloading 0 native plugins for Editor in 0.00 ms.
Unloading 3102 Unused Serialized files (Serialized files now loaded: 0)
System memory in use before: 140.7 MB.
System memory in use after: 138.0 MB.

Unloading 49 unused Assets to reduce memory usage. Loaded Objects now: 3650.
Total: 6.526900 ms (FindLiveObjects: 0.994000 ms CreateObjectMapping: 0.420700 ms MarkObjects: 3.017000 ms  DeleteObjects: 2.093600 ms)

AssetImportWorkerClient::OnTransportError - code=2 error=End of file
